# JRE version: Java(TM) SE Runtime Environment (8.0_20-b26) (build 1.8.0_20-b26)
# Java VM: Java HotSpot(TM) 64-Bit Server VM (25.20-b23 mixed mode windows-amd64 compressed oops)
Heap:
 PSYoungGen      total 104960K, used 9754K [0x00000000d6000000, 0x00000000de580000, 0x0000000100000000)
  eden space 92672K, 0% used [0x00000000d6000000,0x00000000d6000000,0x00000000dba80000)
  from space 12288K, 79% used [0x00000000dba80000,0x00000000dc406990,0x00000000dc680000)
  to   space 12800K, 0% used [0x00000000dd900000,0x00000000dd900000,0x00000000de580000)
 ParOldGen       total 61952K, used 15745K [0x0000000082000000, 0x0000000085c80000, 0x00000000d6000000)
  object space 61952K, 25% used [0x0000000082000000,0x0000000082f606f8,0x0000000085c80000)
 Metaspace       used 42994K, capacity 44914K, committed 45096K, reserved 1095680K
  class space    used 5689K, capacity 6061K, committed 6184K, reserved 1048576K
GC Heap History (10 events):
Event: 15.140 GC heap after
Heap after GC invocations=9 (full 1):
 PSYoungGen      total 101888K, used 7673K [0x00000000d6000000, 0x00000000dce00000, 0x0000000100000000)
  eden space 94208K, 0% used [0x00000000d6000000,0x00000000d6000000,0x00000000dbc00000)
  from space 7680K, 99% used [0x00000000dc680000,0x00000000dcdfe400,0x00000000dce00000)
  to   space 9216K, 0% used [0x00000000dbc00000,0x00000000dbc00000,0x00000000dc500000)
 ParOldGen       total 61952K, used 14507K [0x0000000082000000, 0x0000000085c80000, 0x00000000d6000000)
  object space 61952K, 23% used [0x0000000082000000,0x0000000082e2ae90,0x0000000085c80000)
 Metaspace       used 34229K, capacity 35462K, committed 35496K, reserved 1079296K
  class space    used 4529K, capacity 4763K, committed 4776K, reserved 1048576K
}
Event: 15.140 GC heap before
{Heap before GC invocations=10 (full 2):
 PSYoungGen      total 101888K, used 7673K [0x00000000d6000000, 0x00000000dce00000, 0x0000000100000000)
  eden space 94208K, 0% used [0x00000000d6000000,0x00000000d6000000,0x00000000dbc00000)
  from space 7680K, 99% used [0x00000000dc680000,0x00000000dcdfe400,0x00000000dce00000)
  to   space 9216K, 0% used [0x00000000dbc00000,0x00000000dbc00000,0x00000000dc500000)
 ParOldGen       total 61952K, used 14507K [0x0000000082000000, 0x0000000085c80000, 0x00000000d6000000)
  object space 61952K, 23% used [0x0000000082000000,0x0000000082e2ae90,0x0000000085c80000)
 Metaspace       used 34229K, capacity 35462K, committed 35496K, reserved 1079296K
  class space    used 4529K, capacity 4763K, committed 4776K, reserved 1048576K
Event: 15.229 GC heap after
Heap after GC invocations=10 (full 2):
 PSYoungGen      total 101888K, used 0K [0x00000000d6000000, 0x00000000dce00000, 0x0000000100000000)
  eden space 94208K, 0% used [0x00000000d6000000,0x00000000d6000000,0x00000000dbc00000)
  from space 7680K, 0% used [0x00000000dc680000,0x00000000dc680000,0x00000000dce00000)
  to   space 9216K, 0% used [0x00000000dbc00000,0x00000000dbc00000,0x00000000dc500000)
 ParOldGen       total 61952K, used 15713K [0x0000000082000000, 0x0000000085c80000, 0x00000000d6000000)
  object space 61952K, 25% used [0x0000000082000000,0x0000000082f586f8,0x0000000085c80000)
 Metaspace       used 34229K, capacity 35462K, committed 35496K, reserved 1079296K
  class space    used 4529K, capacity 4763K, committed 4776K, reserved 1048576K
}
Event: 16.519 GC heap before
{Heap before GC invocations=11 (full 2):
 PSYoungGen      total 101888K, used 94208K [0x00000000d6000000, 0x00000000dce00000, 0x0000000100000000)
  eden space 94208K, 100% used [0x00000000d6000000,0x00000000dbc00000,0x00000000dbc00000)
  from space 7680K, 0% used [0x00000000dc680000,0x00000000dc680000,0x00000000dce00000)
  to   space 9216K, 0% used [0x00000000dbc00000,0x00000000dbc00000,0x00000000dc500000)
 ParOldGen       total 61952K, used 15713K [0x0000000082000000, 0x0000000085c80000, 0x00000000d6000000)
  object space 61952K, 25% used [0x0000000082000000,0x0000000082f586f8,0x0000000085c80000)
 Metaspace       used 38617K, capacity 40048K, committed 40232K, reserved 1083392K
  class space    used 5098K, capacity 5398K, committed 5416K, reserved 1048576K
Event: 16.525 GC heap after
Heap after GC invocations=11 (full 2):
 PSYoungGen      total 103424K, used 5660K [0x00000000d6000000, 0x00000000dce00000, 0x0000000100000000)
  eden space 94208K, 0% used [0x00000000d6000000,0x00000000d6000000,0x00000000dbc00000)
  from space 9216K, 61% used [0x00000000dbc00000,0x00000000dc1873f0,0x00000000dc500000)
  to   space 7680K, 0% used [0x00000000dc680000,0x00000000dc680000,0x00000000dce00000)
 ParOldGen       total 61952K, used 15729K [0x0000000082000000, 0x0000000085c80000, 0x00000000d6000000)
  object space 61952K, 25% used [0x0000000082000000,0x0000000082f5c6f8,0x0000000085c80000)
 Metaspace       used 38617K, capacity 40048K, committed 40232K, reserved 1083392K
  class space    used 5098K, capacity 5398K, committed 5416K, reserved 1048576K
}
Event: 19.147 GC heap before
{Heap before GC invocations=12 (full 2):
 PSYoungGen      total 103424K, used 99868K [0x00000000d6000000, 0x00000000dce00000, 0x0000000100000000)
  eden space 94208K, 100% used [0x00000000d6000000,0x00000000dbc00000,0x00000000dbc00000)
  from space 9216K, 61% used [0x00000000dbc00000,0x00000000dc1873f0,0x00000000dc500000)
  to   space 7680K, 0% used [0x00000000dc680000,0x00000000dc680000,0x00000000dce00000)
 ParOldGen       total 61952K, used 15729K [0x0000000082000000, 0x0000000085c80000, 0x00000000d6000000)
  object space 61952K, 25% used [0x0000000082000000,0x0000000082f5c6f8,0x0000000085c80000)
 Metaspace       used 38831K, capacity 40284K, committed 40616K, reserved 1085440K
  class space    used 5128K, capacity 5432K, committed 5544K, reserved 1048576K
Event: 19.156 GC heap after
Heap after GC invocations=12 (full 2):
 PSYoungGen      total 100352K, used 4423K [0x00000000d6000000, 0x00000000de680000, 0x0000000100000000)
  eden space 92672K, 0% used [0x00000000d6000000,0x00000000d6000000,0x00000000dba80000)
  from space 7680K, 57% used [0x00000000dc680000,0x00000000dcad1d30,0x00000000dce00000)
  to   space 12288K, 0% used [0x00000000dba80000,0x00000000dba80000,0x00000000dc680000)
 ParOldGen       total 61952K, used 15737K [0x0000000082000000, 0x0000000085c80000, 0x00000000d6000000)
  object space 61952K, 25% used [0x0000000082000000,0x0000000082f5e6f8,0x0000000085c80000)
 Metaspace       used 38831K, capacity 40284K, committed 40616K, reserved 1085440K
  class space    used 5128K, capacity 5432K, committed 5544K, reserved 1048576K
}
Event: 20.033 GC heap before
{Heap before GC invocations=13 (full 2):
 PSYoungGen      total 100352K, used 66369K [0x00000000d6000000, 0x00000000de680000, 0x0000000100000000)
  eden space 92672K, 66% used [0x00000000d6000000,0x00000000d9c7e950,0x00000000dba80000)
  from space 7680K, 57% used [0x00000000dc680000,0x00000000dcad1d30,0x00000000dce00000)
  to   space 12288K, 0% used [0x00000000dba80000,0x00000000dba80000,0x00000000dc680000)
 ParOldGen       total 61952K, used 15737K [0x0000000082000000, 0x0000000085c80000, 0x00000000d6000000)
  object space 61952K, 25% used [0x0000000082000000,0x0000000082f5e6f8,0x0000000085c80000)
 Metaspace       used 42994K, capacity 44914K, committed 45096K, reserved 1095680K
  class space    used 5689K, capacity 6061K, committed 6184K, reserved 1048576K
Event: 20.042 GC heap after
Heap after GC invocations=13 (full 2):
 PSYoungGen      total 104960K, used 9754K [0x00000000d6000000, 0x00000000de580000, 0x0000000100000000)
  eden space 92672K, 0% used [0x00000000d6000000,0x00000000d6000000,0x00000000dba80000)
  from space 12288K, 79% used [0x00000000dba80000,0x00000000dc406990,0x00000000dc680000)
  to   space 12800K, 0% used [0x00000000dd900000,0x00000000dd900000,0x00000000de580000)
 ParOldGen       total 61952K, used 15745K [0x0000000082000000, 0x0000000085c80000, 0x00000000d6000000)
  object space 61952K, 25% used [0x0000000082000000,0x0000000082f606f8,0x0000000085c80000)
 Metaspace       used 42994K, capacity 44914K, committed 45096K, reserved 1095680K
  class space    used 5689K, capacity 6061K, committed 6184K, reserved 1048576K
}
Event: 20.042 GC heap before
{Heap before GC invocations=14 (full 3):
 PSYoungGen      total 104960K, used 9754K [0x00000000d6000000, 0x00000000de580000, 0x0000000100000000)
  eden space 92672K, 0% used [0x00000000d6000000,0x00000000d6000000,0x00000000dba80000)
  from space 12288K, 79% used [0x00000000dba80000,0x00000000dc406990,0x00000000dc680000)
  to   space 12800K, 0% used [0x00000000dd900000,0x00000000dd900000,0x00000000de580000)
 ParOldGen       total 61952K, used 15745K [0x0000000082000000, 0x0000000085c80000, 0x00000000d6000000)
  object space 61952K, 25% used [0x0000000082000000,0x0000000082f606f8,0x0000000085c80000)
 Metaspace       used 42994K, capacity 44914K, committed 45096K, reserved 1095680K
  class space    used 5689K, capacity 6061K, committed 6184K, reserved 1048576K

